<?xml version="1.0" encoding="UTF-8"?>
<!-- Generated by org.testng.reporters.JUnitXMLReporter -->
<testsuite ignored="0" hostname="DESKTOP-KA9533D" failures="1" tests="15" name="Test" time="547.643" errors="0" timestamp="2023-06-30T22:39:48 IST">
  <testcase classname="test.LoginTest" name="LoginTestCases" time="69.545"/>
  <testcase classname="test.LoginTest" name="LogoutTestCase" time="4.208"/>
  <testcase classname="test.IntelomaticEndtoEnd" name="LoginTestCases" time="62.523"/>
  <testcase classname="test.IntelomaticEndtoEnd" name="CreateCollectortTestCases" time="103.693">
    <failure type="java.lang.AssertionError" message="The following asserts failed:
	expected [true] but found [false]">
      <![CDATA[java.lang.AssertionError: The following asserts failed:
expected [true] but found [false]
at test.IntelomaticEndtoEnd.CreateCollectortTestCases(IntelomaticEndtoEnd.java:120)
at java.base/java.util.ArrayList.forEach(ArrayList.java:1511)
... Removed 29 stack frames]]>
    </failure>
  </testcase> <!-- CreateCollectortTestCases -->
  <testcase classname="test.IntelomaticEndtoEnd" name="PreviewCollectortTestCases" time="16.338"/>
  <testcase classname="test.IntelomaticEndtoEnd" name="EditCollectortTestCases" time="24.905"/>
  <testcase classname="test.IntelomaticEndtoEnd" name="CreateNewCollectortTestCases" time="29.332"/>
  <testcase classname="test.IntelomaticEndtoEnd" name="SearchPageTestCases" time="29.262"/>
  <testcase classname="test.IntelomaticEndtoEnd" name="FilterPageTestCases" time="35.363"/>
  <testcase classname="test.IntelomaticEndtoEnd" name="SelectCollectorLayertTestCases" time="10.131"/>
  <testcase classname="test.IntelomaticEndtoEnd" name="RemoveCollectortTestCases" time="9.057"/>
  <testcase classname="test.IntelomaticEndtoEnd" name="PublishCollectortTestCases" time="15.963"/>
  <testcase classname="test.IntelomaticEndtoEnd" name="NewCreateCollectortTestCases" time="34.717"/>
  <testcase classname="test.IntelomaticEndtoEnd" name="PublishAllCollectorsTestCases" time="24.86"/>
  <testcase classname="test.IntelomaticEndtoEnd" name="LogoutTestCase" time="2.245"/>
</testsuite> <!-- Test -->
