<?xml version="1.0" encoding="UTF-8"?>
<!-- Generated by org.testng.reporters.JUnitXMLReporter -->
<testsuite ignored="0" hostname="DESKTOP-KA9533D" failures="2" tests="5" name="Test" time="311.256" errors="0" timestamp="2023-06-29T23:40:34 IST">
  <testcase classname="test.LoginTest" name="LoginTestCases" time="70.186"/>
  <testcase classname="test.LoginTest" name="LogoutTestCase" time="2.996"/>
  <testcase classname="test.CreateCollectorTest" name="CreationCases" time="0.0">
    <failure type="org.testng.TestNGException" message="
Cannot inject @Test annotated Method [CreationCases] with [class java.lang.String].
For more information on native dependency injection please refer to https://testng.org/doc/documentation-main.html#native-dependency-injection">
      <![CDATA[org.testng.TestNGException: 
Cannot inject @Test annotated Method [CreationCases] with [class java.lang.String].
For more information on native dependency injection please refer to https://testng.org/doc/documentation-main.html#native-dependency-injection
at java.base/java.util.ArrayList.forEach(ArrayList.java:1511)
... Removed 26 stack frames]]>
    </failure>
  </testcase> <!-- CreationCases -->
  <testcase classname="test.CreateCollectorTest" name="CreateCollectortTestCases" time="138.322">
    <failure type="java.lang.AssertionError" message="The following asserts failed:
	expected [true] but found [false]">
      <![CDATA[java.lang.AssertionError: The following asserts failed:
expected [true] but found [false]
at test.CreateCollectorTest.CreateCollectortTestCases(CreateCollectorTest.java:136)
at java.base/java.util.ArrayList.forEach(ArrayList.java:1511)
... Removed 29 stack frames]]>
    </failure>
  </testcase> <!-- CreateCollectortTestCases -->
  <testcase classname="test.CreateCollectorTest" name="LogoutTestCase" time="21.32"/>
</testsuite> <!-- Test -->
