<?xml version="1.0" encoding="UTF-8"?>
<testng-results ignored="0" total="15" passed="14" failed="1" skipped="0">
  <reporter-output>
  </reporter-output>
  <suite started-at="2023-06-30T22:30:39 IST" name="Suite" finished-at="2023-06-30T22:39:47 IST" duration-ms="547643">
    <groups>
    </groups>
    <test started-at="2023-06-30T22:30:39 IST" name="Test" finished-at="2023-06-30T22:39:47 IST" duration-ms="547643">
      <class name="test.IntelomaticEndtoEnd">
        <test-method is-config="true" signature="initialize()[pri:0, instance:test.IntelomaticEndtoEnd@3f92a84e]" started-at="2023-06-30T22:32:38 IST" name="initialize" finished-at="2023-06-30T22:32:58 IST" duration-ms="20362" status="PASS">
          <reporter-output>
          </reporter-output>
        </test-method> <!-- initialize -->
        <test-method signature="LoginTestCases(java.lang.String)[pri:0, instance:test.IntelomaticEndtoEnd@3f92a84e]" started-at="2023-06-30T22:32:58 IST" name="LoginTestCases" data-provider="DocFileRead" finished-at="2023-06-30T22:34:01 IST" duration-ms="62523" status="PASS">
          <params>
            <param index="0">
              <value>
                <![CDATA[1]]>
              </value>
            </param>
          </params>
          <reporter-output>
          </reporter-output>
        </test-method> <!-- LoginTestCases -->
        <test-method signature="CreateCollectortTestCases()[pri:1, instance:test.IntelomaticEndtoEnd@3f92a84e]" started-at="2023-06-30T22:34:01 IST" name="CreateCollectortTestCases" finished-at="2023-06-30T22:35:44 IST" duration-ms="103693" status="FAIL">
          <exception class="java.lang.AssertionError">
            <message>
              <![CDATA[The following asserts failed:
expected [true] but found [false]]]>
            </message>
            <full-stacktrace>
              <![CDATA[java.lang.AssertionError: The following asserts failed:
expected [true] but found [false]
at org.testng.asserts.SoftAssert.assertAll(SoftAssert.java:46)
at org.testng.asserts.SoftAssert.assertAll(SoftAssert.java:30)
at test.IntelomaticEndtoEnd.CreateCollectortTestCases(IntelomaticEndtoEnd.java:120)
at java.base/jdk.internal.reflect.NativeMethodAccessorImpl.invoke0(Native Method)
at java.base/jdk.internal.reflect.NativeMethodAccessorImpl.invoke(NativeMethodAccessorImpl.java:77)
at java.base/jdk.internal.reflect.DelegatingMethodAccessorImpl.invoke(DelegatingMethodAccessorImpl.java:43)
at java.base/java.lang.reflect.Method.invoke(Method.java:568)
at org.testng.internal.invokers.MethodInvocationHelper.invokeMethod(MethodInvocationHelper.java:139)
at org.testng.internal.invokers.TestInvoker.invokeMethod(TestInvoker.java:664)
at org.testng.internal.invokers.TestInvoker.invokeTestMethod(TestInvoker.java:227)
at org.testng.internal.invokers.MethodRunner.runInSequence(MethodRunner.java:50)
at org.testng.internal.invokers.TestInvoker$MethodInvocationAgent.invoke(TestInvoker.java:957)
at org.testng.internal.invokers.TestInvoker.invokeTestMethods(TestInvoker.java:200)
at org.testng.internal.invokers.TestMethodWorker.invokeTestMethods(TestMethodWorker.java:148)
at org.testng.internal.invokers.TestMethodWorker.run(TestMethodWorker.java:128)
at java.base/java.util.ArrayList.forEach(ArrayList.java:1511)
at org.testng.TestRunner.privateRun(TestRunner.java:848)
at org.testng.TestRunner.run(TestRunner.java:621)
at org.testng.SuiteRunner.runTest(SuiteRunner.java:443)
at org.testng.SuiteRunner.runSequentially(SuiteRunner.java:437)
at org.testng.SuiteRunner.privateRun(SuiteRunner.java:397)
at org.testng.SuiteRunner.run(SuiteRunner.java:336)
at org.testng.SuiteRunnerWorker.runSuite(SuiteRunnerWorker.java:52)
at org.testng.SuiteRunnerWorker.run(SuiteRunnerWorker.java:95)
at org.testng.TestNG.runSuitesSequentially(TestNG.java:1280)
at org.testng.TestNG.runSuitesLocally(TestNG.java:1200)
at org.testng.TestNG.runSuites(TestNG.java:1114)
at org.testng.TestNG.run(TestNG.java:1082)
at org.testng.remote.AbstractRemoteTestNG.run(AbstractRemoteTestNG.java:115)
at org.testng.remote.RemoteTestNG.initAndRun(RemoteTestNG.java:251)
at org.testng.remote.RemoteTestNG.main(RemoteTestNG.java:77)
]]>
            </full-stacktrace>
          </exception> <!-- java.lang.AssertionError -->
          <reporter-output>
          </reporter-output>
        </test-method> <!-- CreateCollectortTestCases -->
        <test-method signature="PreviewCollectortTestCases()[pri:2, instance:test.IntelomaticEndtoEnd@3f92a84e]" started-at="2023-06-30T22:35:53 IST" name="PreviewCollectortTestCases" finished-at="2023-06-30T22:36:09 IST" duration-ms="16338" status="PASS">
          <reporter-output>
          </reporter-output>
        </test-method> <!-- PreviewCollectortTestCases -->
        <test-method signature="EditCollectortTestCases()[pri:3, instance:test.IntelomaticEndtoEnd@3f92a84e]" started-at="2023-06-30T22:36:09 IST" name="EditCollectortTestCases" finished-at="2023-06-30T22:36:34 IST" duration-ms="24905" status="PASS">
          <reporter-output>
          </reporter-output>
        </test-method> <!-- EditCollectortTestCases -->
        <test-method signature="CreateNewCollectortTestCases()[pri:4, instance:test.IntelomaticEndtoEnd@3f92a84e]" started-at="2023-06-30T22:36:34 IST" name="CreateNewCollectortTestCases" finished-at="2023-06-30T22:37:03 IST" duration-ms="29332" status="PASS">
          <reporter-output>
          </reporter-output>
        </test-method> <!-- CreateNewCollectortTestCases -->
        <test-method signature="SearchPageTestCases()[pri:5, instance:test.IntelomaticEndtoEnd@3f92a84e]" started-at="2023-06-30T22:37:03 IST" name="SearchPageTestCases" finished-at="2023-06-30T22:37:33 IST" duration-ms="29262" status="PASS">
          <reporter-output>
          </reporter-output>
        </test-method> <!-- SearchPageTestCases -->
        <test-method signature="FilterPageTestCases()[pri:6, instance:test.IntelomaticEndtoEnd@3f92a84e]" started-at="2023-06-30T22:37:33 IST" name="FilterPageTestCases" finished-at="2023-06-30T22:38:08 IST" duration-ms="35363" status="PASS">
          <reporter-output>
          </reporter-output>
        </test-method> <!-- FilterPageTestCases -->
        <test-method signature="SelectCollectorLayertTestCases()[pri:7, instance:test.IntelomaticEndtoEnd@3f92a84e]" started-at="2023-06-30T22:38:08 IST" name="SelectCollectorLayertTestCases" finished-at="2023-06-30T22:38:18 IST" duration-ms="10131" status="PASS">
          <reporter-output>
          </reporter-output>
        </test-method> <!-- SelectCollectorLayertTestCases -->
        <test-method signature="RemoveCollectortTestCases()[pri:8, instance:test.IntelomaticEndtoEnd@3f92a84e]" started-at="2023-06-30T22:38:18 IST" name="RemoveCollectortTestCases" finished-at="2023-06-30T22:38:27 IST" duration-ms="9057" status="PASS">
          <reporter-output>
          </reporter-output>
        </test-method> <!-- RemoveCollectortTestCases -->
        <test-method signature="PublishCollectortTestCases()[pri:9, instance:test.IntelomaticEndtoEnd@3f92a84e]" started-at="2023-06-30T22:38:27 IST" name="PublishCollectortTestCases" finished-at="2023-06-30T22:38:43 IST" duration-ms="15963" status="PASS">
          <reporter-output>
          </reporter-output>
        </test-method> <!-- PublishCollectortTestCases -->
        <test-method signature="NewCreateCollectortTestCases()[pri:10, instance:test.IntelomaticEndtoEnd@3f92a84e]" started-at="2023-06-30T22:38:43 IST" name="NewCreateCollectortTestCases" finished-at="2023-06-30T22:39:18 IST" duration-ms="34717" status="PASS">
          <reporter-output>
          </reporter-output>
        </test-method> <!-- NewCreateCollectortTestCases -->
        <test-method signature="PublishAllCollectorsTestCases()[pri:11, instance:test.IntelomaticEndtoEnd@3f92a84e]" started-at="2023-06-30T22:39:18 IST" name="PublishAllCollectorsTestCases" finished-at="2023-06-30T22:39:43 IST" duration-ms="24860" status="PASS">
          <reporter-output>
          </reporter-output>
        </test-method> <!-- PublishAllCollectorsTestCases -->
        <test-method signature="LogoutTestCase()[pri:12, instance:test.IntelomaticEndtoEnd@3f92a84e]" started-at="2023-06-30T22:39:43 IST" name="LogoutTestCase" finished-at="2023-06-30T22:39:45 IST" duration-ms="2245" status="PASS">
          <reporter-output>
          </reporter-output>
        </test-method> <!-- LogoutTestCase -->
        <test-method is-config="true" signature="Teardown()[pri:0, instance:test.IntelomaticEndtoEnd@3f92a84e]" started-at="2023-06-30T22:39:45 IST" name="Teardown" finished-at="2023-06-30T22:39:47 IST" duration-ms="2012" status="PASS">
          <reporter-output>
          </reporter-output>
        </test-method> <!-- Teardown -->
      </class> <!-- test.IntelomaticEndtoEnd -->
      <class name="test.LoginTest">
        <test-method is-config="true" signature="initialize()[pri:0, instance:test.LoginTest@56f521c6]" started-at="2023-06-30T22:30:40 IST" name="initialize" finished-at="2023-06-30T22:31:16 IST" duration-ms="36184" status="PASS">
          <reporter-output>
          </reporter-output>
        </test-method> <!-- initialize -->
        <test-method signature="LoginTestCases(java.lang.String)[pri:0, instance:test.LoginTest@56f521c6]" started-at="2023-06-30T22:31:19 IST" name="LoginTestCases" data-provider="DocFileRead" finished-at="2023-06-30T22:32:29 IST" duration-ms="69545" status="PASS">
          <params>
            <param index="0">
              <value>
                <![CDATA[1]]>
              </value>
            </param>
          </params>
          <reporter-output>
          </reporter-output>
        </test-method> <!-- LoginTestCases -->
        <test-method signature="LogoutTestCase()[pri:1, instance:test.LoginTest@56f521c6]" started-at="2023-06-30T22:32:30 IST" name="LogoutTestCase" finished-at="2023-06-30T22:32:35 IST" duration-ms="4208" status="PASS">
          <reporter-output>
          </reporter-output>
        </test-method> <!-- LogoutTestCase -->
        <test-method is-config="true" signature="Teardown()[pri:0, instance:test.LoginTest@56f521c6]" started-at="2023-06-30T22:32:35 IST" name="Teardown" finished-at="2023-06-30T22:32:38 IST" duration-ms="2920" status="PASS">
          <reporter-output>
          </reporter-output>
        </test-method> <!-- Teardown -->
      </class> <!-- test.LoginTest -->
    </test> <!-- Test -->
  </suite> <!-- Suite -->
</testng-results>
