<?xml version="1.0" encoding="UTF-8"?>
<testng-results ignored="0" total="2" passed="2" failed="0" skipped="0">
  <reporter-output>
  </reporter-output>
  <suite started-at="2023-06-30T21:06:12 IST" name="Suite" finished-at="2023-06-30T21:08:31 IST" duration-ms="139296">
    <groups>
    </groups>
    <test started-at="2023-06-30T21:06:12 IST" name="Test" finished-at="2023-06-30T21:08:31 IST" duration-ms="139296">
      <class name="test.LoginTest">
        <test-method is-config="true" signature="initialize()[pri:0, instance:test.LoginTest@1abfe081]" started-at="2023-06-30T21:06:12 IST" name="initialize" finished-at="2023-06-30T21:07:02 IST" duration-ms="50052" status="PASS">
          <reporter-output>
          </reporter-output>
        </test-method> <!-- initialize -->
        <test-method signature="LoginTestCases(java.lang.String)[pri:0, instance:test.LoginTest@1abfe081]" started-at="2023-06-30T21:07:10 IST" name="LoginTestCases" data-provider="DocFileRead" finished-at="2023-06-30T21:08:23 IST" duration-ms="72846" status="PASS">
          <params>
            <param index="0">
              <value>
                <![CDATA[1]]>
              </value>
            </param>
          </params>
          <reporter-output>
          </reporter-output>
        </test-method> <!-- LoginTestCases -->
        <test-method signature="LogoutTestCase()[pri:1, instance:test.LoginTest@1abfe081]" started-at="2023-06-30T21:08:24 IST" name="LogoutTestCase" finished-at="2023-06-30T21:08:27 IST" duration-ms="3294" status="PASS">
          <reporter-output>
          </reporter-output>
        </test-method> <!-- LogoutTestCase -->
        <test-method is-config="true" signature="Teardown()[pri:0, instance:test.LoginTest@1abfe081]" started-at="2023-06-30T21:08:27 IST" name="Teardown" finished-at="2023-06-30T21:08:31 IST" duration-ms="3991" status="PASS">
          <reporter-output>
          </reporter-output>
        </test-method> <!-- Teardown -->
      </class> <!-- test.LoginTest -->
    </test> <!-- Test -->
  </suite> <!-- Suite -->
</testng-results>
